-------------------------------------------------------------------------------
Test set: TestSuite
-------------------------------------------------------------------------------
Tests run: 6, Failures: 1, Errors: 0, Skipped: 0, Time elapsed: 67.452 s <<< FAILURE! - in TestSuite
Endtoend.Homepage.footer  Time elapsed: 6.718 s  <<< FAILURE!
junit.framework.AssertionFailedError
	at Endtoend.Homepage.footer(Homepage.java:35)

